<?xml version="1.0" encoding="UTF-8"?>
<!-- Generated by org.testng.reporters.JUnitReportReporter -->
<testsuite hostname="LAPTOP-OBPDDUQN" failures="0" tests="3" name="testFrames.NewTest" time="0.095" errors="0" timestamp="2019-09-22T21:11:18 IST" skipped="0">
  <testcase classname="testFrames.NewTest" name="readData" time="0.009"/>
  <testcase classname="testFrames.NewTest" name="readData" time="0.001"/>
  <testcase classname="testFrames.NewTest" name="testFrames" time="0.085"/>
</testsuite> <!-- testFrames.NewTest -->
