<?xml version="1.0" encoding="UTF-8"?>
<!-- Generated by org.testng.reporters.JUnitReportReporter -->
<testsuite hostname="LAPTOP-OBPDDUQN" failures="0" tests="3" name="testFrames.NewTest" time="0.083" errors="0" timestamp="2019-09-19T22:33:28 IST" skipped="0">
  <testcase classname="testFrames.NewTest" name="readData" time="0.004"/>
  <testcase classname="testFrames.NewTest" name="readData" time="0.001"/>
  <testcase classname="testFrames.NewTest" name="testFrames" time="0.078"/>
</testsuite> <!-- testFrames.NewTest -->
